17:26:10 [INFO] o.s.b.t.c.SpringBootTestContextBootstrapper - Neither @ContextConfiguration nor @ContextHierarchy found for test class [com.example.demo.CartControllerTest], using SpringBootContextLoader
17:26:10 [INFO] o.s.t.c.s.AbstractContextLoader - Could not detect default resource locations for test class [com.example.demo.CartControllerTest]: no resource found for suffixes {-context.xml, Context.groovy}.
17:26:10 [INFO] o.s.b.t.c.SpringBootTestContextBootstrapper - Loaded default TestExecutionListener class names from location [META-INF/spring.factories]: [org.springframework.boot.test.mock.mockito.MockitoTestExecutionListener, org.springframework.boot.test.mock.mockito.ResetMocksTestExecutionListener, org.springframework.boot.test.autoconfigure.restdocs.RestDocsTestExecutionListener, org.springframework.boot.test.autoconfigure.web.client.MockRestServiceServerResetTestExecutionListener, org.springframework.boot.test.autoconfigure.web.servlet.MockMvcPrintOnlyOnFailureTestExecutionListener, org.springframework.boot.test.autoconfigure.web.servlet.WebDriverTestExecutionListener, org.springframework.test.context.web.ServletTestExecutionListener, org.springframework.test.context.support.DirtiesContextBeforeModesTestExecutionListener, org.springframework.test.context.support.DependencyInjectionTestExecutionListener, org.springframework.test.context.support.DirtiesContextTestExecutionListener, org.springframework.test.context.transaction.TransactionalTestExecutionListener, org.springframework.test.context.jdbc.SqlScriptsTestExecutionListener]
17:26:10 [INFO] o.s.b.t.c.SpringBootTestContextBootstrapper - Using TestExecutionListeners: [org.springframework.test.context.web.ServletTestExecutionListener@18271936, org.springframework.test.context.support.DirtiesContextBeforeModesTestExecutionListener@606e4010, org.springframework.boot.test.mock.mockito.MockitoTestExecutionListener@8458f04, org.springframework.boot.test.autoconfigure.SpringBootDependencyInjectionTestExecutionListener@48075da3, org.springframework.test.context.support.DirtiesContextTestExecutionListener@68c9133c, org.springframework.test.context.transaction.TransactionalTestExecutionListener@7a35b0f5, org.springframework.test.context.jdbc.SqlScriptsTestExecutionListener@5e2c3d18, org.springframework.boot.test.mock.mockito.ResetMocksTestExecutionListener@2cb4893b, org.springframework.boot.test.autoconfigure.restdocs.RestDocsTestExecutionListener@cc43f62, org.springframework.boot.test.autoconfigure.web.client.MockRestServiceServerResetTestExecutionListener@5b218417, org.springframework.boot.test.autoconfigure.web.servlet.MockMvcPrintOnlyOnFailureTestExecutionListener@645aa696, org.springframework.boot.test.autoconfigure.web.servlet.WebDriverTestExecutionListener@6caf0677]
17:26:10 [INFO] com.example.demo.CartControllerTest - Starting CartControllerTest on Nguyen-Minh-Thiet.local with PID 19426 (started by macos in /Users/work/project/udacity/nd035-c4-Security-and-DevOps/starter_code)
17:26:10 [INFO] com.example.demo.CartControllerTest - No active profile set, falling back to default profiles: default
17:26:11 [INFO] o.s.d.r.c.RepositoryConfigurationDelegate - Bootstrapping Spring Data repositories in DEFAULT mode.
17:26:11 [INFO] o.s.d.r.c.RepositoryConfigurationDelegate - Finished Spring Data repository scanning in 26ms. Found 4 repository interfaces.
17:26:11 [INFO] o.s.c.s.PostProcessorRegistrationDelegate$BeanPostProcessorChecker - Bean 'org.springframework.transaction.annotation.ProxyTransactionManagementConfiguration' of type [org.springframework.transaction.annotation.ProxyTransactionManagementConfiguration$$EnhancerBySpringCGLIB$$c9dc18f3] is not eligible for getting processed by all BeanPostProcessors (for example: not eligible for auto-proxying)
17:26:11 [INFO] com.zaxxer.hikari.HikariDataSource - HikariPool-1 - Starting...
17:26:11 [INFO] com.zaxxer.hikari.HikariDataSource - HikariPool-1 - Start completed.
17:26:11 [INFO] o.h.jpa.internal.util.LogHelper - HHH000204: Processing PersistenceUnitInfo [
	name: default
	...]
17:26:11 [INFO] org.hibernate.Version - HHH000412: Hibernate Core {5.3.10.Final}
17:26:11 [INFO] org.hibernate.cfg.Environment - HHH000206: hibernate.properties not found
17:26:11 [INFO] o.h.annotations.common.Version - HCANN000001: Hibernate Commons Annotations {5.0.4.Final}
17:26:11 [INFO] org.hibernate.dialect.Dialect - HHH000400: Using dialect: org.hibernate.dialect.H2Dialect
17:26:11 [INFO] org.hibernate.tuple.PojoInstantiator - HHH000182: No default (no-argument) constructor for class: com.example.demo.model.persistence.Item (class must be instantiated by Interceptor)
17:26:11 [INFO] o.s.o.j.LocalContainerEntityManagerFactoryBean - Initialized JPA EntityManagerFactory for persistence unit 'default'
17:26:12 [INFO] o.h.h.i.QueryTranslatorFactoryInitiator - HHH000397: Using ASTQueryTranslatorFactory
17:26:12 [WARN] o.s.b.a.o.j.JpaBaseConfiguration$JpaWebConfiguration$JpaWebMvcConfiguration - spring.jpa.open-in-view is enabled by default. Therefore, database queries may be performed during view rendering. Explicitly configure spring.jpa.open-in-view to disable this warning
17:26:12 [INFO] o.s.s.web.DefaultSecurityFilterChain - Creating filter chain: any request, [org.springframework.security.web.context.request.async.WebAsyncManagerIntegrationFilter@b2e1df3, org.springframework.security.web.context.SecurityContextPersistenceFilter@77f04d1a, org.springframework.security.web.header.HeaderWriterFilter@26be0d23, org.springframework.web.filter.CorsFilter@56193e3a, org.springframework.security.web.authentication.logout.LogoutFilter@2ae7c1d, com.example.demo.auth.JWTAuthenticationFilter@6cf3b3d7, com.example.demo.auth.JWTAuthenticationVerficationFilter@2e785b28, org.springframework.security.web.savedrequest.RequestCacheAwareFilter@126f2eb8, org.springframework.security.web.servletapi.SecurityContextHolderAwareRequestFilter@64e657b0, org.springframework.security.web.authentication.AnonymousAuthenticationFilter@55c20a91, org.springframework.security.web.session.SessionManagementFilter@2560a7be, org.springframework.security.web.access.ExceptionTranslationFilter@79fc4e99, org.springframework.security.web.access.intercept.FilterSecurityInterceptor@760c777d]
17:26:12 [INFO] o.s.s.c.ThreadPoolTaskExecutor - Initializing ExecutorService 'applicationTaskExecutor'
17:26:12 [INFO] com.example.demo.CartControllerTest - Started CartControllerTest in 1.899 seconds (JVM running for 2.322)
17:26:12 [INFO] c.e.demo.controllers.CartController - addToCart start
17:26:12 [INFO] c.e.demo.controllers.CartController - addToCart success
17:26:12 [INFO] o.s.s.c.ThreadPoolTaskExecutor - Shutting down ExecutorService 'applicationTaskExecutor'
17:26:12 [INFO] o.s.o.j.LocalContainerEntityManagerFactoryBean - Closing JPA EntityManagerFactory for persistence unit 'default'
17:26:12 [INFO] com.zaxxer.hikari.HikariDataSource - HikariPool-1 - Shutdown initiated...
17:26:12 [INFO] com.zaxxer.hikari.HikariDataSource - HikariPool-1 - Shutdown completed.
17:32:32 [INFO] o.s.b.t.c.SpringBootTestContextBootstrapper - Neither @ContextConfiguration nor @ContextHierarchy found for test class [com.example.demo.UserControllerTest], using SpringBootContextLoader
17:32:32 [INFO] o.s.t.c.s.AbstractContextLoader - Could not detect default resource locations for test class [com.example.demo.UserControllerTest]: no resource found for suffixes {-context.xml, Context.groovy}.
17:32:32 [INFO] o.s.b.t.c.SpringBootTestContextBootstrapper - Loaded default TestExecutionListener class names from location [META-INF/spring.factories]: [org.springframework.boot.test.mock.mockito.MockitoTestExecutionListener, org.springframework.boot.test.mock.mockito.ResetMocksTestExecutionListener, org.springframework.boot.test.autoconfigure.restdocs.RestDocsTestExecutionListener, org.springframework.boot.test.autoconfigure.web.client.MockRestServiceServerResetTestExecutionListener, org.springframework.boot.test.autoconfigure.web.servlet.MockMvcPrintOnlyOnFailureTestExecutionListener, org.springframework.boot.test.autoconfigure.web.servlet.WebDriverTestExecutionListener, org.springframework.test.context.web.ServletTestExecutionListener, org.springframework.test.context.support.DirtiesContextBeforeModesTestExecutionListener, org.springframework.test.context.support.DependencyInjectionTestExecutionListener, org.springframework.test.context.support.DirtiesContextTestExecutionListener, org.springframework.test.context.transaction.TransactionalTestExecutionListener, org.springframework.test.context.jdbc.SqlScriptsTestExecutionListener]
17:32:32 [INFO] o.s.b.t.c.SpringBootTestContextBootstrapper - Using TestExecutionListeners: [org.springframework.test.context.web.ServletTestExecutionListener@7f485fda, org.springframework.test.context.support.DirtiesContextBeforeModesTestExecutionListener@28261e8e, org.springframework.boot.test.mock.mockito.MockitoTestExecutionListener@d737b89, org.springframework.boot.test.autoconfigure.SpringBootDependencyInjectionTestExecutionListener@8519cb4, org.springframework.test.context.support.DirtiesContextTestExecutionListener@35dab4eb, org.springframework.test.context.transaction.TransactionalTestExecutionListener@2d901eb0, org.springframework.test.context.jdbc.SqlScriptsTestExecutionListener@3ba987b8, org.springframework.boot.test.mock.mockito.ResetMocksTestExecutionListener@3f191845, org.springframework.boot.test.autoconfigure.restdocs.RestDocsTestExecutionListener@5f049ea1, org.springframework.boot.test.autoconfigure.web.client.MockRestServiceServerResetTestExecutionListener@72cc7e6f, org.springframework.boot.test.autoconfigure.web.servlet.MockMvcPrintOnlyOnFailureTestExecutionListener@5afa3c9, org.springframework.boot.test.autoconfigure.web.servlet.WebDriverTestExecutionListener@72035809]
17:32:32 [INFO] com.example.demo.UserControllerTest - Starting UserControllerTest on Nguyen-Minh-Thiet.local with PID 20178 (started by macos in /Users/work/project/udacity/nd035-c4-Security-and-DevOps/starter_code)
17:32:32 [INFO] com.example.demo.UserControllerTest - No active profile set, falling back to default profiles: default
17:32:32 [INFO] o.s.d.r.c.RepositoryConfigurationDelegate - Bootstrapping Spring Data repositories in DEFAULT mode.
17:32:32 [INFO] o.s.d.r.c.RepositoryConfigurationDelegate - Finished Spring Data repository scanning in 26ms. Found 4 repository interfaces.
17:32:32 [INFO] o.s.c.s.PostProcessorRegistrationDelegate$BeanPostProcessorChecker - Bean 'org.springframework.transaction.annotation.ProxyTransactionManagementConfiguration' of type [org.springframework.transaction.annotation.ProxyTransactionManagementConfiguration$$EnhancerBySpringCGLIB$$719ad527] is not eligible for getting processed by all BeanPostProcessors (for example: not eligible for auto-proxying)
17:32:32 [INFO] com.zaxxer.hikari.HikariDataSource - HikariPool-1 - Starting...
17:32:33 [INFO] com.zaxxer.hikari.HikariDataSource - HikariPool-1 - Start completed.
17:32:33 [INFO] o.h.jpa.internal.util.LogHelper - HHH000204: Processing PersistenceUnitInfo [
	name: default
	...]
17:32:33 [INFO] org.hibernate.Version - HHH000412: Hibernate Core {5.3.10.Final}
17:32:33 [INFO] org.hibernate.cfg.Environment - HHH000206: hibernate.properties not found
17:32:33 [INFO] o.h.annotations.common.Version - HCANN000001: Hibernate Commons Annotations {5.0.4.Final}
17:32:33 [INFO] org.hibernate.dialect.Dialect - HHH000400: Using dialect: org.hibernate.dialect.H2Dialect
17:32:33 [INFO] org.hibernate.tuple.PojoInstantiator - HHH000182: No default (no-argument) constructor for class: com.example.demo.model.persistence.Item (class must be instantiated by Interceptor)
17:32:33 [INFO] o.s.o.j.LocalContainerEntityManagerFactoryBean - Initialized JPA EntityManagerFactory for persistence unit 'default'
17:32:33 [INFO] o.h.h.i.QueryTranslatorFactoryInitiator - HHH000397: Using ASTQueryTranslatorFactory
17:32:33 [WARN] o.s.b.a.o.j.JpaBaseConfiguration$JpaWebConfiguration$JpaWebMvcConfiguration - spring.jpa.open-in-view is enabled by default. Therefore, database queries may be performed during view rendering. Explicitly configure spring.jpa.open-in-view to disable this warning
17:32:33 [INFO] o.s.s.web.DefaultSecurityFilterChain - Creating filter chain: any request, [org.springframework.security.web.context.request.async.WebAsyncManagerIntegrationFilter@3346e906, org.springframework.security.web.context.SecurityContextPersistenceFilter@580154b3, org.springframework.security.web.header.HeaderWriterFilter@6fe243a, org.springframework.web.filter.CorsFilter@443ac5b8, org.springframework.security.web.authentication.logout.LogoutFilter@37f71e8, com.example.demo.auth.JWTAuthenticationFilter@126d0868, com.example.demo.auth.JWTAuthenticationVerficationFilter@753e4eb5, org.springframework.security.web.savedrequest.RequestCacheAwareFilter@6c7f804c, org.springframework.security.web.servletapi.SecurityContextHolderAwareRequestFilter@59aa2fba, org.springframework.security.web.authentication.AnonymousAuthenticationFilter@713497cd, org.springframework.security.web.session.SessionManagementFilter@63ad5fe7, org.springframework.security.web.access.ExceptionTranslationFilter@3f1fb139, org.springframework.security.web.access.intercept.FilterSecurityInterceptor@285b491f]
17:32:34 [INFO] o.s.s.c.ThreadPoolTaskExecutor - Initializing ExecutorService 'applicationTaskExecutor'
17:32:34 [INFO] com.example.demo.UserControllerTest - Started UserControllerTest in 1.75 seconds (JVM running for 2.073)
17:32:34 [INFO] c.e.demo.controllers.UserController - CreateUser request failures
17:32:34 [INFO] c.e.demo.controllers.UserController - CreateUser request failures
17:32:34 [INFO] c.e.demo.controllers.UserController - request Null pointer Exceptions
17:32:34 [INFO] c.e.demo.controllers.UserController - CreateUser request successes
17:32:34 [INFO] o.s.s.c.ThreadPoolTaskExecutor - Shutting down ExecutorService 'applicationTaskExecutor'
17:32:34 [INFO] o.s.o.j.LocalContainerEntityManagerFactoryBean - Closing JPA EntityManagerFactory for persistence unit 'default'
17:32:34 [INFO] com.zaxxer.hikari.HikariDataSource - HikariPool-1 - Shutdown initiated...
17:32:34 [INFO] com.zaxxer.hikari.HikariDataSource - HikariPool-1 - Shutdown completed.
17:33:03 [INFO] o.s.b.t.c.SpringBootTestContextBootstrapper - Neither @ContextConfiguration nor @ContextHierarchy found for test class [com.example.demo.CartControllerTest], using SpringBootContextLoader
17:33:03 [INFO] o.s.t.c.s.AbstractContextLoader - Could not detect default resource locations for test class [com.example.demo.CartControllerTest]: no resource found for suffixes {-context.xml, Context.groovy}.
17:33:04 [INFO] o.s.b.t.c.SpringBootTestContextBootstrapper - Loaded default TestExecutionListener class names from location [META-INF/spring.factories]: [org.springframework.boot.test.mock.mockito.MockitoTestExecutionListener, org.springframework.boot.test.mock.mockito.ResetMocksTestExecutionListener, org.springframework.boot.test.autoconfigure.restdocs.RestDocsTestExecutionListener, org.springframework.boot.test.autoconfigure.web.client.MockRestServiceServerResetTestExecutionListener, org.springframework.boot.test.autoconfigure.web.servlet.MockMvcPrintOnlyOnFailureTestExecutionListener, org.springframework.boot.test.autoconfigure.web.servlet.WebDriverTestExecutionListener, org.springframework.test.context.web.ServletTestExecutionListener, org.springframework.test.context.support.DirtiesContextBeforeModesTestExecutionListener, org.springframework.test.context.support.DependencyInjectionTestExecutionListener, org.springframework.test.context.support.DirtiesContextTestExecutionListener, org.springframework.test.context.transaction.TransactionalTestExecutionListener, org.springframework.test.context.jdbc.SqlScriptsTestExecutionListener]
17:33:04 [INFO] o.s.b.t.c.SpringBootTestContextBootstrapper - Using TestExecutionListeners: [org.springframework.test.context.web.ServletTestExecutionListener@4a83a74a, org.springframework.test.context.support.DirtiesContextBeforeModesTestExecutionListener@1349883, org.springframework.boot.test.mock.mockito.MockitoTestExecutionListener@4b29d1d2, org.springframework.boot.test.autoconfigure.SpringBootDependencyInjectionTestExecutionListener@7f485fda, org.springframework.test.context.support.DirtiesContextTestExecutionListener@28261e8e, org.springframework.test.context.transaction.TransactionalTestExecutionListener@d737b89, org.springframework.test.context.jdbc.SqlScriptsTestExecutionListener@8519cb4, org.springframework.boot.test.mock.mockito.ResetMocksTestExecutionListener@35dab4eb, org.springframework.boot.test.autoconfigure.restdocs.RestDocsTestExecutionListener@2d901eb0, org.springframework.boot.test.autoconfigure.web.client.MockRestServiceServerResetTestExecutionListener@3ba987b8, org.springframework.boot.test.autoconfigure.web.servlet.MockMvcPrintOnlyOnFailureTestExecutionListener@3f191845, org.springframework.boot.test.autoconfigure.web.servlet.WebDriverTestExecutionListener@5f049ea1]
17:33:04 [INFO] com.example.demo.CartControllerTest - Starting CartControllerTest on Nguyen-Minh-Thiet.local with PID 20245 (started by macos in /Users/work/project/udacity/nd035-c4-Security-and-DevOps/starter_code)
17:33:04 [INFO] com.example.demo.CartControllerTest - No active profile set, falling back to default profiles: default
17:33:04 [INFO] o.s.d.r.c.RepositoryConfigurationDelegate - Bootstrapping Spring Data repositories in DEFAULT mode.
17:33:04 [INFO] o.s.d.r.c.RepositoryConfigurationDelegate - Finished Spring Data repository scanning in 26ms. Found 4 repository interfaces.
17:33:04 [INFO] o.s.c.s.PostProcessorRegistrationDelegate$BeanPostProcessorChecker - Bean 'org.springframework.transaction.annotation.ProxyTransactionManagementConfiguration' of type [org.springframework.transaction.annotation.ProxyTransactionManagementConfiguration$$EnhancerBySpringCGLIB$$e341d627] is not eligible for getting processed by all BeanPostProcessors (for example: not eligible for auto-proxying)
17:33:04 [INFO] com.zaxxer.hikari.HikariDataSource - HikariPool-1 - Starting...
17:33:04 [INFO] com.zaxxer.hikari.HikariDataSource - HikariPool-1 - Start completed.
17:33:04 [INFO] o.h.jpa.internal.util.LogHelper - HHH000204: Processing PersistenceUnitInfo [
	name: default
	...]
17:33:04 [INFO] org.hibernate.Version - HHH000412: Hibernate Core {5.3.10.Final}
17:33:04 [INFO] org.hibernate.cfg.Environment - HHH000206: hibernate.properties not found
17:33:04 [INFO] o.h.annotations.common.Version - HCANN000001: Hibernate Commons Annotations {5.0.4.Final}
17:33:04 [INFO] org.hibernate.dialect.Dialect - HHH000400: Using dialect: org.hibernate.dialect.H2Dialect
17:33:05 [INFO] org.hibernate.tuple.PojoInstantiator - HHH000182: No default (no-argument) constructor for class: com.example.demo.model.persistence.Item (class must be instantiated by Interceptor)
17:33:05 [INFO] o.s.o.j.LocalContainerEntityManagerFactoryBean - Initialized JPA EntityManagerFactory for persistence unit 'default'
17:33:05 [INFO] o.h.h.i.QueryTranslatorFactoryInitiator - HHH000397: Using ASTQueryTranslatorFactory
17:33:05 [WARN] o.s.b.a.o.j.JpaBaseConfiguration$JpaWebConfiguration$JpaWebMvcConfiguration - spring.jpa.open-in-view is enabled by default. Therefore, database queries may be performed during view rendering. Explicitly configure spring.jpa.open-in-view to disable this warning
17:33:05 [INFO] o.s.s.web.DefaultSecurityFilterChain - Creating filter chain: any request, [org.springframework.security.web.context.request.async.WebAsyncManagerIntegrationFilter@443ac5b8, org.springframework.security.web.context.SecurityContextPersistenceFilter@79fc4e99, org.springframework.security.web.header.HeaderWriterFilter@4c8a9266, org.springframework.web.filter.CorsFilter@126d0868, org.springframework.security.web.authentication.logout.LogoutFilter@63b0b3dd, com.example.demo.auth.JWTAuthenticationFilter@753e4eb5, com.example.demo.auth.JWTAuthenticationVerficationFilter@713497cd, org.springframework.security.web.savedrequest.RequestCacheAwareFilter@3e89f5bc, org.springframework.security.web.servletapi.SecurityContextHolderAwareRequestFilter@578d5d02, org.springframework.security.web.authentication.AnonymousAuthenticationFilter@63318b56, org.springframework.security.web.session.SessionManagementFilter@3e73f5e7, org.springframework.security.web.access.ExceptionTranslationFilter@7057dbda, org.springframework.security.web.access.intercept.FilterSecurityInterceptor@346330b6]
17:33:05 [INFO] o.s.s.c.ThreadPoolTaskExecutor - Initializing ExecutorService 'applicationTaskExecutor'
17:33:05 [INFO] com.example.demo.CartControllerTest - Started CartControllerTest in 1.81 seconds (JVM running for 2.154)
17:33:06 [INFO] c.e.demo.controllers.CartController - addToCart success
17:33:06 [INFO] c.e.demo.controllers.CartController - addToCart fail no user
17:33:06 [INFO] c.e.demo.controllers.CartController - addToCart fail no user
17:33:06 [INFO] c.e.demo.controllers.CartController - addToCart success
17:33:06 [INFO] c.e.demo.controllers.CartController - removeFromcart success
17:33:06 [INFO] o.s.s.c.ThreadPoolTaskExecutor - Shutting down ExecutorService 'applicationTaskExecutor'
17:33:06 [INFO] o.s.o.j.LocalContainerEntityManagerFactoryBean - Closing JPA EntityManagerFactory for persistence unit 'default'
17:33:06 [INFO] com.zaxxer.hikari.HikariDataSource - HikariPool-1 - Shutdown initiated...
17:33:06 [INFO] com.zaxxer.hikari.HikariDataSource - HikariPool-1 - Shutdown completed.
17:33:28 [INFO] o.s.b.t.c.SpringBootTestContextBootstrapper - Neither @ContextConfiguration nor @ContextHierarchy found for test class [com.example.demo.OrderControllerTest], using SpringBootContextLoader
17:33:28 [INFO] o.s.t.c.s.AbstractContextLoader - Could not detect default resource locations for test class [com.example.demo.OrderControllerTest]: no resource found for suffixes {-context.xml, Context.groovy}.
17:33:28 [INFO] o.s.b.t.c.SpringBootTestContextBootstrapper - Loaded default TestExecutionListener class names from location [META-INF/spring.factories]: [org.springframework.boot.test.mock.mockito.MockitoTestExecutionListener, org.springframework.boot.test.mock.mockito.ResetMocksTestExecutionListener, org.springframework.boot.test.autoconfigure.restdocs.RestDocsTestExecutionListener, org.springframework.boot.test.autoconfigure.web.client.MockRestServiceServerResetTestExecutionListener, org.springframework.boot.test.autoconfigure.web.servlet.MockMvcPrintOnlyOnFailureTestExecutionListener, org.springframework.boot.test.autoconfigure.web.servlet.WebDriverTestExecutionListener, org.springframework.test.context.web.ServletTestExecutionListener, org.springframework.test.context.support.DirtiesContextBeforeModesTestExecutionListener, org.springframework.test.context.support.DependencyInjectionTestExecutionListener, org.springframework.test.context.support.DirtiesContextTestExecutionListener, org.springframework.test.context.transaction.TransactionalTestExecutionListener, org.springframework.test.context.jdbc.SqlScriptsTestExecutionListener]
17:33:28 [INFO] o.s.b.t.c.SpringBootTestContextBootstrapper - Using TestExecutionListeners: [org.springframework.test.context.web.ServletTestExecutionListener@15043a2f, org.springframework.test.context.support.DirtiesContextBeforeModesTestExecutionListener@4a83a74a, org.springframework.boot.test.mock.mockito.MockitoTestExecutionListener@1349883, org.springframework.boot.test.autoconfigure.SpringBootDependencyInjectionTestExecutionListener@4b29d1d2, org.springframework.test.context.support.DirtiesContextTestExecutionListener@7f485fda, org.springframework.test.context.transaction.TransactionalTestExecutionListener@28261e8e, org.springframework.test.context.jdbc.SqlScriptsTestExecutionListener@d737b89, org.springframework.boot.test.mock.mockito.ResetMocksTestExecutionListener@8519cb4, org.springframework.boot.test.autoconfigure.restdocs.RestDocsTestExecutionListener@35dab4eb, org.springframework.boot.test.autoconfigure.web.client.MockRestServiceServerResetTestExecutionListener@2d901eb0, org.springframework.boot.test.autoconfigure.web.servlet.MockMvcPrintOnlyOnFailureTestExecutionListener@3ba987b8, org.springframework.boot.test.autoconfigure.web.servlet.WebDriverTestExecutionListener@3f191845]
17:33:28 [INFO] com.example.demo.OrderControllerTest - Starting OrderControllerTest on Nguyen-Minh-Thiet.local with PID 20300 (started by macos in /Users/work/project/udacity/nd035-c4-Security-and-DevOps/starter_code)
17:33:28 [INFO] com.example.demo.OrderControllerTest - No active profile set, falling back to default profiles: default
17:33:28 [INFO] o.s.d.r.c.RepositoryConfigurationDelegate - Bootstrapping Spring Data repositories in DEFAULT mode.
17:33:28 [INFO] o.s.d.r.c.RepositoryConfigurationDelegate - Finished Spring Data repository scanning in 25ms. Found 4 repository interfaces.
17:33:28 [INFO] o.s.c.s.PostProcessorRegistrationDelegate$BeanPostProcessorChecker - Bean 'org.springframework.transaction.annotation.ProxyTransactionManagementConfiguration' of type [org.springframework.transaction.annotation.ProxyTransactionManagementConfiguration$$EnhancerBySpringCGLIB$$42404f72] is not eligible for getting processed by all BeanPostProcessors (for example: not eligible for auto-proxying)
17:33:28 [INFO] com.zaxxer.hikari.HikariDataSource - HikariPool-1 - Starting...
17:33:28 [INFO] com.zaxxer.hikari.HikariDataSource - HikariPool-1 - Start completed.
17:33:28 [INFO] o.h.jpa.internal.util.LogHelper - HHH000204: Processing PersistenceUnitInfo [
	name: default
	...]
17:33:28 [INFO] org.hibernate.Version - HHH000412: Hibernate Core {5.3.10.Final}
17:33:28 [INFO] org.hibernate.cfg.Environment - HHH000206: hibernate.properties not found
17:33:29 [INFO] o.h.annotations.common.Version - HCANN000001: Hibernate Commons Annotations {5.0.4.Final}
17:33:29 [INFO] org.hibernate.dialect.Dialect - HHH000400: Using dialect: org.hibernate.dialect.H2Dialect
17:33:29 [INFO] org.hibernate.tuple.PojoInstantiator - HHH000182: No default (no-argument) constructor for class: com.example.demo.model.persistence.Item (class must be instantiated by Interceptor)
17:33:29 [INFO] o.s.o.j.LocalContainerEntityManagerFactoryBean - Initialized JPA EntityManagerFactory for persistence unit 'default'
17:33:29 [INFO] o.h.h.i.QueryTranslatorFactoryInitiator - HHH000397: Using ASTQueryTranslatorFactory
17:33:29 [WARN] o.s.b.a.o.j.JpaBaseConfiguration$JpaWebConfiguration$JpaWebMvcConfiguration - spring.jpa.open-in-view is enabled by default. Therefore, database queries may be performed during view rendering. Explicitly configure spring.jpa.open-in-view to disable this warning
17:33:29 [INFO] o.s.s.web.DefaultSecurityFilterChain - Creating filter chain: any request, [org.springframework.security.web.context.request.async.WebAsyncManagerIntegrationFilter@b2e1df3, org.springframework.security.web.context.SecurityContextPersistenceFilter@126f2eb8, org.springframework.security.web.header.HeaderWriterFilter@fabfc79, org.springframework.web.filter.CorsFilter@56193e3a, org.springframework.security.web.authentication.logout.LogoutFilter@5535e9, com.example.demo.auth.JWTAuthenticationFilter@6cf3b3d7, com.example.demo.auth.JWTAuthenticationVerficationFilter@2e785b28, org.springframework.security.web.savedrequest.RequestCacheAwareFilter@16c9e378, org.springframework.security.web.servletapi.SecurityContextHolderAwareRequestFilter@5606d537, org.springframework.security.web.authentication.AnonymousAuthenticationFilter@55c20a91, org.springframework.security.web.session.SessionManagementFilter@578d5d02, org.springframework.security.web.access.ExceptionTranslationFilter@3e89f5bc, org.springframework.security.web.access.intercept.FilterSecurityInterceptor@760c777d]
17:33:29 [INFO] o.s.s.c.ThreadPoolTaskExecutor - Initializing ExecutorService 'applicationTaskExecutor'
17:33:30 [INFO] com.example.demo.OrderControllerTest - Started OrderControllerTest in 1.823 seconds (JVM running for 2.173)
17:33:30 [INFO] c.e.demo.controllers.OrderController - order requests successes
17:33:30 [INFO] c.e.demo.controllers.OrderController - order requests failures
17:33:30 [INFO] c.e.demo.controllers.OrderController - order requests successes
17:33:30 [INFO] c.e.demo.controllers.OrderController - order requests successes
17:33:30 [INFO] o.s.s.c.ThreadPoolTaskExecutor - Shutting down ExecutorService 'applicationTaskExecutor'
17:33:30 [INFO] o.s.o.j.LocalContainerEntityManagerFactoryBean - Closing JPA EntityManagerFactory for persistence unit 'default'
17:33:30 [INFO] com.zaxxer.hikari.HikariDataSource - HikariPool-1 - Shutdown initiated...
17:33:30 [INFO] com.zaxxer.hikari.HikariDataSource - HikariPool-1 - Shutdown completed.
